0 info it worked if it ends with ok
1 verbose cli [ 'C:\\Program Files\\nodejs\\node.exe',
1 verbose cli   'C:\\Users\\chale\\AppData\\Roaming\\npm\\node_modules\\npm\\bin\\npm-cli.js',
1 verbose cli   'run',
1 verbose cli   'server' ]
2 info using npm@3.10.9
3 info using node@v4.4.3
4 verbose run-script [ 'preserver', 'server', 'postserver' ]
5 info lifecycle cmp@0.1.0~preserver: cmp@0.1.0
6 silly lifecycle cmp@0.1.0~preserver: no script for preserver, continuing
7 info lifecycle cmp@0.1.0~server: cmp@0.1.0
8 verbose lifecycle cmp@0.1.0~server: unsafe-perm in lifecycle true
9 verbose lifecycle cmp@0.1.0~server: PATH: C:\Users\chale\AppData\Roaming\npm\node_modules\npm\bin\node-gyp-bin;C:\learn\cmp\node_modules\.bin;C:\Program Files (x86)\Git\mingw32\bin;C:\Program Files (x86)\Git\usr\bin;C:\Users\chale\bin;C:\Program Files (x86)\Intel\iCLS Client;C:\Program Files\Intel\iCLS Client;C:\WINDOWS\system32;C:\WINDOWS;C:\WINDOWS\System32\Wbem;C:\WINDOWS\System32\WindowsPowerShell\v1.0;C:\Program Files\Intel\WiFi\bin;C:\Program Files\Common Files\Intel\WirelessCommon;C:\Program Files\nodejs;C:\Program Files\OpenVPN\bin;C:\Program Files\Java\jdk1.8.0_91\bin;C:\Program Files\apache-maven-3.3.9\bin;C:\Program Files (x86)\Intel\Intel(R) Management Engine Components\DAL;C:\Program Files\Intel\Intel(R) Management Engine Components\DAL;C:\Program Files (x86)\Intel\Intel(R) Management Engine Components\IPT;C:\Program Files\Intel\Intel(R) Management Engine Components\IPT;C:\Program Files (x86)\Windows Kits\8.1\Windows Performance Toolkit;C:\Program Files\Microsoft SQL Server\110\Tools\Binn;C:\WINDOWS\system32\config\systemprofile\.dnx\bin;C:\Program Files\Microsoft DNX\Dnvm;C:\Users\chale\AppData\Local\Programs\Python\Python35-32\Scripts;C:\Users\chale\AppData\Local\Programs\Python\Python35-32;C:\Users\chale\AppData\Roaming\npm;C:\Python27;C:\Users\chale\AppData\Local\Microsoft\WindowsApps;C:\Program Files (x86)\Microsoft VS Code\bin
10 verbose lifecycle cmp@0.1.0~server: CWD: C:\learn\cmp
11 silly lifecycle cmp@0.1.0~server: Args: [ '/d /s /c', 'http-server .' ]
12 verbose stack Error: kill ENOSYS
12 verbose stack     at exports._errnoException (util.js:870:11)
12 verbose stack     at process.kill (node.js:777:15)
12 verbose stack     at process.listener (C:\Users\chale\AppData\Roaming\npm\node_modules\npm\node_modules\npmlog\node_modules\gauge\node_modules\signal-exit\index.js:86:15)
12 verbose stack     at emitNone (events.js:72:20)
12 verbose stack     at process.emit (events.js:166:7)
12 verbose stack     at processEmit (C:\Users\chale\AppData\Roaming\npm\node_modules\npm\node_modules\npmlog\node_modules\gauge\node_modules\signal-exit\index.js:146:32)
12 verbose stack     at processEmit (C:\Users\chale\AppData\Roaming\npm\node_modules\npm\node_modules\npm-registry-client\node_modules\npmlog\node_modules\gauge\node_modules\signal-exit\index.js:146:32)
12 verbose stack     at Signal.wrap.onsignal (node.js:804:46)
13 verbose cwd C:\learn\cmp
14 error Windows_NT 10.0.14393
15 error argv "C:\\Program Files\\nodejs\\node.exe" "C:\\Users\\chale\\AppData\\Roaming\\npm\\node_modules\\npm\\bin\\npm-cli.js" "run" "server"
16 error node v4.4.3
17 error npm  v3.10.9
18 error code ENOSYS
19 error errno ENOSYS
20 error syscall kill
21 error kill ENOSYS
22 error If you need help, you may report this error at:
22 error     <https://github.com/npm/npm/issues>
23 verbose exit [ 1, true ]
